Determining if the pthread_create exist failed with the following output:
Change Dir: /home/owg/Documents/homework/Graphics/assignments/game_phase1/asteroids_template/CMakeFiles/CMakeTmp

Run Build Command:"/usr/bin/make" "cmTC_c3ad4/fast"
/usr/bin/make -f CMakeFiles/cmTC_c3ad4.dir/build.make CMakeFiles/cmTC_c3ad4.dir/build
make[1]: Entering directory '/home/owg/Documents/homework/Graphics/assignments/game_phase1/asteroids_template/CMakeFiles/CMakeTmp'
Building C object CMakeFiles/cmTC_c3ad4.dir/CheckSymbolExists.c.o
/usr/bin/cc     -o CMakeFiles/cmTC_c3ad4.dir/CheckSymbolExists.c.o   -c /home/owg/Documents/homework/Graphics/assignments/game_phase1/asteroids_template/CMakeFiles/CMakeTmp/CheckSymbolExists.c
Linking C executable cmTC_c3ad4
/usr/bin/cmake -E cmake_link_script CMakeFiles/cmTC_c3ad4.dir/link.txt --verbose=1
/usr/bin/cc       CMakeFiles/cmTC_c3ad4.dir/CheckSymbolExists.c.o  -o cmTC_c3ad4 -rdynamic 
CMakeFiles/cmTC_c3ad4.dir/CheckSymbolExists.c.o: In function `main':
CheckSymbolExists.c:(.text+0x16): undefined reference to `pthread_create'
collect2: error: ld returned 1 exit status
CMakeFiles/cmTC_c3ad4.dir/build.make:97: recipe for target 'cmTC_c3ad4' failed
make[1]: *** [cmTC_c3ad4] Error 1
make[1]: Leaving directory '/home/owg/Documents/homework/Graphics/assignments/game_phase1/asteroids_template/CMakeFiles/CMakeTmp'
Makefile:126: recipe for target 'cmTC_c3ad4/fast' failed
make: *** [cmTC_c3ad4/fast] Error 2

File /home/owg/Documents/homework/Graphics/assignments/game_phase1/asteroids_template/CMakeFiles/CMakeTmp/CheckSymbolExists.c:
/* */
#include <pthread.h>

int main(int argc, char** argv)
{
  (void)argv;
#ifndef pthread_create
  return ((int*)(&pthread_create))[argc];
#else
  (void)argc;
  return 0;
#endif
}

Determining if the function pthread_create exists in the pthreads failed with the following output:
Change Dir: /home/owg/Documents/homework/Graphics/assignments/game_phase1/asteroids_template/CMakeFiles/CMakeTmp

Run Build Command:"/usr/bin/make" "cmTC_a17fc/fast"
/usr/bin/make -f CMakeFiles/cmTC_a17fc.dir/build.make CMakeFiles/cmTC_a17fc.dir/build
make[1]: Entering directory '/home/owg/Documents/homework/Graphics/assignments/game_phase1/asteroids_template/CMakeFiles/CMakeTmp'
Building C object CMakeFiles/cmTC_a17fc.dir/CheckFunctionExists.c.o
/usr/bin/cc    -DCHECK_FUNCTION_EXISTS=pthread_create   -o CMakeFiles/cmTC_a17fc.dir/CheckFunctionExists.c.o   -c /usr/share/cmake-3.5/Modules/CheckFunctionExists.c
Linking C executable cmTC_a17fc
/usr/bin/cmake -E cmake_link_script CMakeFiles/cmTC_a17fc.dir/link.txt --verbose=1
/usr/bin/cc   -DCHECK_FUNCTION_EXISTS=pthread_create    CMakeFiles/cmTC_a17fc.dir/CheckFunctionExists.c.o  -o cmTC_a17fc -rdynamic -lpthreads 
/usr/bin/ld: cannot find -lpthreads
collect2: error: ld returned 1 exit status
CMakeFiles/cmTC_a17fc.dir/build.make:97: recipe for target 'cmTC_a17fc' failed
make[1]: *** [cmTC_a17fc] Error 1
make[1]: Leaving directory '/home/owg/Documents/homework/Graphics/assignments/game_phase1/asteroids_template/CMakeFiles/CMakeTmp'
Makefile:126: recipe for target 'cmTC_a17fc/fast' failed
make: *** [cmTC_a17fc/fast] Error 2


Determining if the pthread_create exist failed with the following output:
Change Dir: /home/owg/Documents/homework/Graphics/assignments/game_phase1/asteroids_template/CMakeFiles/CMakeTmp

Run Build Command:"/usr/bin/make" "cmTC_2a967/fast"
/usr/bin/make -f CMakeFiles/cmTC_2a967.dir/build.make CMakeFiles/cmTC_2a967.dir/build
make[1]: Entering directory '/home/owg/Documents/homework/Graphics/assignments/game_phase1/asteroids_template/CMakeFiles/CMakeTmp'
Building C object CMakeFiles/cmTC_2a967.dir/CheckSymbolExists.c.o
/usr/bin/cc     -o CMakeFiles/cmTC_2a967.dir/CheckSymbolExists.c.o   -c /home/owg/Documents/homework/Graphics/assignments/game_phase1/asteroids_template/CMakeFiles/CMakeTmp/CheckSymbolExists.c
Linking C executable cmTC_2a967
/usr/bin/cmake -E cmake_link_script CMakeFiles/cmTC_2a967.dir/link.txt --verbose=1
/usr/bin/cc       CMakeFiles/cmTC_2a967.dir/CheckSymbolExists.c.o  -o cmTC_2a967 -rdynamic 
CMakeFiles/cmTC_2a967.dir/CheckSymbolExists.c.o: In function `main':
CheckSymbolExists.c:(.text+0x16): undefined reference to `pthread_create'
collect2: error: ld returned 1 exit status
CMakeFiles/cmTC_2a967.dir/build.make:97: recipe for target 'cmTC_2a967' failed
make[1]: *** [cmTC_2a967] Error 1
make[1]: Leaving directory '/home/owg/Documents/homework/Graphics/assignments/game_phase1/asteroids_template/CMakeFiles/CMakeTmp'
Makefile:126: recipe for target 'cmTC_2a967/fast' failed
make: *** [cmTC_2a967/fast] Error 2

File /home/owg/Documents/homework/Graphics/assignments/game_phase1/asteroids_template/CMakeFiles/CMakeTmp/CheckSymbolExists.c:
/* */
#include <pthread.h>

int main(int argc, char** argv)
{
  (void)argv;
#ifndef pthread_create
  return ((int*)(&pthread_create))[argc];
#else
  (void)argc;
  return 0;
#endif
}

Determining if the function pthread_create exists in the pthreads failed with the following output:
Change Dir: /home/owg/Documents/homework/Graphics/assignments/game_phase1/asteroids_template/CMakeFiles/CMakeTmp

Run Build Command:"/usr/bin/make" "cmTC_a4027/fast"
/usr/bin/make -f CMakeFiles/cmTC_a4027.dir/build.make CMakeFiles/cmTC_a4027.dir/build
make[1]: Entering directory '/home/owg/Documents/homework/Graphics/assignments/game_phase1/asteroids_template/CMakeFiles/CMakeTmp'
Building C object CMakeFiles/cmTC_a4027.dir/CheckFunctionExists.c.o
/usr/bin/cc    -DCHECK_FUNCTION_EXISTS=pthread_create   -o CMakeFiles/cmTC_a4027.dir/CheckFunctionExists.c.o   -c /usr/share/cmake-3.5/Modules/CheckFunctionExists.c
Linking C executable cmTC_a4027
/usr/bin/cmake -E cmake_link_script CMakeFiles/cmTC_a4027.dir/link.txt --verbose=1
/usr/bin/cc   -DCHECK_FUNCTION_EXISTS=pthread_create    CMakeFiles/cmTC_a4027.dir/CheckFunctionExists.c.o  -o cmTC_a4027 -rdynamic -lpthreads 
/usr/bin/ld: cannot find -lpthreads
collect2: error: ld returned 1 exit status
CMakeFiles/cmTC_a4027.dir/build.make:97: recipe for target 'cmTC_a4027' failed
make[1]: *** [cmTC_a4027] Error 1
make[1]: Leaving directory '/home/owg/Documents/homework/Graphics/assignments/game_phase1/asteroids_template/CMakeFiles/CMakeTmp'
Makefile:126: recipe for target 'cmTC_a4027/fast' failed
make: *** [cmTC_a4027/fast] Error 2


Determining if the pthread_create exist failed with the following output:
Change Dir: /home/owg/Documents/homework/Graphics/assignments/game_phase1/asteroids_template/CMakeFiles/CMakeTmp

Run Build Command:"/usr/bin/make" "cmTC_47a8f/fast"
/usr/bin/make -f CMakeFiles/cmTC_47a8f.dir/build.make CMakeFiles/cmTC_47a8f.dir/build
make[1]: Entering directory '/home/owg/Documents/homework/Graphics/assignments/game_phase1/asteroids_template/CMakeFiles/CMakeTmp'
Building C object CMakeFiles/cmTC_47a8f.dir/CheckSymbolExists.c.o
/usr/bin/cc     -o CMakeFiles/cmTC_47a8f.dir/CheckSymbolExists.c.o   -c /home/owg/Documents/homework/Graphics/assignments/game_phase1/asteroids_template/CMakeFiles/CMakeTmp/CheckSymbolExists.c
Linking C executable cmTC_47a8f
/usr/bin/cmake -E cmake_link_script CMakeFiles/cmTC_47a8f.dir/link.txt --verbose=1
/usr/bin/cc       CMakeFiles/cmTC_47a8f.dir/CheckSymbolExists.c.o  -o cmTC_47a8f -rdynamic 
CMakeFiles/cmTC_47a8f.dir/CheckSymbolExists.c.o: In function `main':
CheckSymbolExists.c:(.text+0x16): undefined reference to `pthread_create'
collect2: error: ld returned 1 exit status
CMakeFiles/cmTC_47a8f.dir/build.make:97: recipe for target 'cmTC_47a8f' failed
make[1]: *** [cmTC_47a8f] Error 1
make[1]: Leaving directory '/home/owg/Documents/homework/Graphics/assignments/game_phase1/asteroids_template/CMakeFiles/CMakeTmp'
Makefile:126: recipe for target 'cmTC_47a8f/fast' failed
make: *** [cmTC_47a8f/fast] Error 2

File /home/owg/Documents/homework/Graphics/assignments/game_phase1/asteroids_template/CMakeFiles/CMakeTmp/CheckSymbolExists.c:
/* */
#include <pthread.h>

int main(int argc, char** argv)
{
  (void)argv;
#ifndef pthread_create
  return ((int*)(&pthread_create))[argc];
#else
  (void)argc;
  return 0;
#endif
}

Determining if the function pthread_create exists in the pthreads failed with the following output:
Change Dir: /home/owg/Documents/homework/Graphics/assignments/game_phase1/asteroids_template/CMakeFiles/CMakeTmp

Run Build Command:"/usr/bin/make" "cmTC_ac5eb/fast"
/usr/bin/make -f CMakeFiles/cmTC_ac5eb.dir/build.make CMakeFiles/cmTC_ac5eb.dir/build
make[1]: Entering directory '/home/owg/Documents/homework/Graphics/assignments/game_phase1/asteroids_template/CMakeFiles/CMakeTmp'
Building C object CMakeFiles/cmTC_ac5eb.dir/CheckFunctionExists.c.o
/usr/bin/cc    -DCHECK_FUNCTION_EXISTS=pthread_create   -o CMakeFiles/cmTC_ac5eb.dir/CheckFunctionExists.c.o   -c /usr/share/cmake-3.5/Modules/CheckFunctionExists.c
Linking C executable cmTC_ac5eb
/usr/bin/cmake -E cmake_link_script CMakeFiles/cmTC_ac5eb.dir/link.txt --verbose=1
/usr/bin/cc   -DCHECK_FUNCTION_EXISTS=pthread_create    CMakeFiles/cmTC_ac5eb.dir/CheckFunctionExists.c.o  -o cmTC_ac5eb -rdynamic -lpthreads 
/usr/bin/ld: cannot find -lpthreads
collect2: error: ld returned 1 exit status
CMakeFiles/cmTC_ac5eb.dir/build.make:97: recipe for target 'cmTC_ac5eb' failed
make[1]: *** [cmTC_ac5eb] Error 1
make[1]: Leaving directory '/home/owg/Documents/homework/Graphics/assignments/game_phase1/asteroids_template/CMakeFiles/CMakeTmp'
Makefile:126: recipe for target 'cmTC_ac5eb/fast' failed
make: *** [cmTC_ac5eb/fast] Error 2


Determining if the pthread_create exist failed with the following output:
Change Dir: /home/owg/Documents/homework/Graphics/assignments/game_phase1/asteroids_template/CMakeFiles/CMakeTmp

Run Build Command:"/usr/bin/make" "cmTC_150f4/fast"
/usr/bin/make -f CMakeFiles/cmTC_150f4.dir/build.make CMakeFiles/cmTC_150f4.dir/build
make[1]: Entering directory '/home/owg/Documents/homework/Graphics/assignments/game_phase1/asteroids_template/CMakeFiles/CMakeTmp'
Building C object CMakeFiles/cmTC_150f4.dir/CheckSymbolExists.c.o
/usr/bin/cc     -o CMakeFiles/cmTC_150f4.dir/CheckSymbolExists.c.o   -c /home/owg/Documents/homework/Graphics/assignments/game_phase1/asteroids_template/CMakeFiles/CMakeTmp/CheckSymbolExists.c
Linking C executable cmTC_150f4
/usr/bin/cmake -E cmake_link_script CMakeFiles/cmTC_150f4.dir/link.txt --verbose=1
/usr/bin/cc       CMakeFiles/cmTC_150f4.dir/CheckSymbolExists.c.o  -o cmTC_150f4 -rdynamic 
CMakeFiles/cmTC_150f4.dir/CheckSymbolExists.c.o: In function `main':
CheckSymbolExists.c:(.text+0x16): undefined reference to `pthread_create'
collect2: error: ld returned 1 exit status
CMakeFiles/cmTC_150f4.dir/build.make:97: recipe for target 'cmTC_150f4' failed
make[1]: *** [cmTC_150f4] Error 1
make[1]: Leaving directory '/home/owg/Documents/homework/Graphics/assignments/game_phase1/asteroids_template/CMakeFiles/CMakeTmp'
Makefile:126: recipe for target 'cmTC_150f4/fast' failed
make: *** [cmTC_150f4/fast] Error 2

File /home/owg/Documents/homework/Graphics/assignments/game_phase1/asteroids_template/CMakeFiles/CMakeTmp/CheckSymbolExists.c:
/* */
#include <pthread.h>

int main(int argc, char** argv)
{
  (void)argv;
#ifndef pthread_create
  return ((int*)(&pthread_create))[argc];
#else
  (void)argc;
  return 0;
#endif
}

Determining if the function pthread_create exists in the pthreads failed with the following output:
Change Dir: /home/owg/Documents/homework/Graphics/assignments/game_phase1/asteroids_template/CMakeFiles/CMakeTmp

Run Build Command:"/usr/bin/make" "cmTC_b3406/fast"
/usr/bin/make -f CMakeFiles/cmTC_b3406.dir/build.make CMakeFiles/cmTC_b3406.dir/build
make[1]: Entering directory '/home/owg/Documents/homework/Graphics/assignments/game_phase1/asteroids_template/CMakeFiles/CMakeTmp'
Building C object CMakeFiles/cmTC_b3406.dir/CheckFunctionExists.c.o
/usr/bin/cc    -DCHECK_FUNCTION_EXISTS=pthread_create   -o CMakeFiles/cmTC_b3406.dir/CheckFunctionExists.c.o   -c /usr/share/cmake-3.5/Modules/CheckFunctionExists.c
Linking C executable cmTC_b3406
/usr/bin/cmake -E cmake_link_script CMakeFiles/cmTC_b3406.dir/link.txt --verbose=1
/usr/bin/cc   -DCHECK_FUNCTION_EXISTS=pthread_create    CMakeFiles/cmTC_b3406.dir/CheckFunctionExists.c.o  -o cmTC_b3406 -rdynamic -lpthreads 
/usr/bin/ld: cannot find -lpthreads
collect2: error: ld returned 1 exit status
CMakeFiles/cmTC_b3406.dir/build.make:97: recipe for target 'cmTC_b3406' failed
make[1]: *** [cmTC_b3406] Error 1
make[1]: Leaving directory '/home/owg/Documents/homework/Graphics/assignments/game_phase1/asteroids_template/CMakeFiles/CMakeTmp'
Makefile:126: recipe for target 'cmTC_b3406/fast' failed
make: *** [cmTC_b3406/fast] Error 2


